Flow report for maquinha_chocolate
Mon Nov 24 17:51:11 2014
Quartus II 32-bit Version 13.0.1 Build 232 06/12/2013 Service Pack 1 SJ Web Edition


---------------------
; Table of Contents ;
---------------------
  1. Legal Notice
  2. Flow Summary
  3. Flow Settings
  4. Flow Non-Default Global Settings
  5. Flow Elapsed Time
  6. Flow OS Summary
  7. Flow Log
  8. Flow Messages
  9. Flow Suppressed Messages



----------------
; Legal Notice ;
----------------
Copyright (C) 1991-2013 Altera Corporation
Your use of Altera Corporation's design tools, logic functions 
and other software and tools, and its AMPP partner logic 
functions, and any output files from any of the foregoing 
(including device programming or simulation files), and any 
associated documentation or information are expressly subject 
to the terms and conditions of the Altera Program License 
Subscription Agreement, Altera MegaCore Function License 
Agreement, or other applicable license agreement, including, 
without limitation, that your use is for the sole purpose of 
programming logic devices manufactured by Altera and sold by 
Altera or its authorized distributors.  Please refer to the 
applicable agreement for further details.



+--------------------------------------------------------------------------------------+
; Flow Summary                                                                         ;
+------------------------------------+-------------------------------------------------+
; Flow Status                        ; Successful - Mon Nov 24 17:51:11 2014           ;
; Quartus II 32-bit Version          ; 13.0.1 Build 232 06/12/2013 SP 1 SJ Web Edition ;
; Revision Name                      ; maquinha_chocolate                              ;
; Top-level Entity Name              ; maquina_chocolate                               ;
; Family                             ; Cyclone III                                     ;
; Device                             ; EP3C25F324C8                                    ;
; Timing Models                      ; Final                                           ;
; Total logic elements               ; 59 / 24,624 ( < 1 % )                           ;
;     Total combinational functions  ; 59 / 24,624 ( < 1 % )                           ;
;     Dedicated logic registers      ; 37 / 24,624 ( < 1 % )                           ;
; Total registers                    ; 37                                              ;
; Total pins                         ; 9 / 216 ( 4 % )                                 ;
; Total virtual pins                 ; 0                                               ;
; Total memory bits                  ; 0 / 608,256 ( 0 % )                             ;
; Embedded Multiplier 9-bit elements ; 0 / 132 ( 0 % )                                 ;
; Total PLLs                         ; 0 / 4 ( 0 % )                                   ;
+------------------------------------+-------------------------------------------------+


+-----------------------------------------+
; Flow Settings                           ;
+-------------------+---------------------+
; Option            ; Setting             ;
+-------------------+---------------------+
; Start date & time ; 11/24/2014 17:50:02 ;
; Main task         ; Compilation         ;
; Revision Name     ; maquinha_chocolate  ;
+-------------------+---------------------+


+---------------------------------------------------------------------------------------------------------------------------------------+
; Flow Non-Default Global Settings                                                                                                      ;
+-------------------------------------+---------------------------------------+--------------------+-------------------+----------------+
; Assignment Name                     ; Value                                 ; Default Value      ; Entity Name       ; Section Id     ;
+-------------------------------------+---------------------------------------+--------------------+-------------------+----------------+
; COMPILER_SIGNATURE_ID               ; 0.141686220101305                     ; --                 ; --                ; --             ;
; EDA_OUTPUT_DATA_FORMAT              ; Vhdl                                  ; --                 ; --                ; eda_simulation ;
; EDA_SIMULATION_TOOL                 ; ModelSim-Altera (VHDL)                ; <None>             ; --                ; --             ;
; MAX_CORE_JUNCTION_TEMP              ; 85                                    ; --                 ; --                ; --             ;
; MIN_CORE_JUNCTION_TEMP              ; 0                                     ; --                 ; --                ; --             ;
; NOMINAL_CORE_SUPPLY_VOLTAGE         ; 1.2V                                  ; --                 ; --                ; --             ;
; PARTITION_COLOR                     ; 16764057                              ; --                 ; maquina_chocolate ; Top            ;
; PARTITION_FITTER_PRESERVATION_LEVEL ; PLACEMENT_AND_ROUTING                 ; --                 ; maquina_chocolate ; Top            ;
; PARTITION_NETLIST_TYPE              ; SOURCE                                ; --                 ; maquina_chocolate ; Top            ;
; POWER_BOARD_THERMAL_MODEL           ; None (CONSERVATIVE)                   ; --                 ; --                ; --             ;
; POWER_PRESET_COOLING_SOLUTION       ; 23 MM HEAT SINK WITH 200 LFPM AIRFLOW ; --                 ; --                ; --             ;
; PROJECT_OUTPUT_DIRECTORY            ; output_files                          ; --                 ; --                ; --             ;
; TOP_LEVEL_ENTITY                    ; maquina_chocolate                     ; maquinha_chocolate ; --                ; --             ;
+-------------------------------------+---------------------------------------+--------------------+-------------------+----------------+


+-------------------------------------------------------------------------------------------------------------------------------+
; Flow Elapsed Time                                                                                                             ;
+---------------------------+--------------+-------------------------+---------------------+------------------------------------+
; Module Name               ; Elapsed Time ; Average Processors Used ; Peak Virtual Memory ; Total CPU Time (on all processors) ;
+---------------------------+--------------+-------------------------+---------------------+------------------------------------+
; Analysis & Synthesis      ; 00:00:06     ; 1.0                     ; 322 MB              ; 00:00:03                           ;
; Fitter                    ; 00:00:18     ; 1.0                     ; 512 MB              ; 00:00:14                           ;
; Assembler                 ; 00:00:05     ; 1.0                     ; 328 MB              ; 00:00:03                           ;
; TimeQuest Timing Analyzer ; 00:00:11     ; 1.0                     ; 354 MB              ; 00:00:03                           ;
; EDA Netlist Writer        ; 00:00:03     ; 1.0                     ; 303 MB              ; 00:00:01                           ;
; Total                     ; 00:00:43     ; --                      ; --                  ; 00:00:24                           ;
+---------------------------+--------------+-------------------------+---------------------+------------------------------------+


+-----------------------------------------------------------------------------------------+
; Flow OS Summary                                                                         ;
+---------------------------+------------------+------------+------------+----------------+
; Module Name               ; Machine Hostname ; OS Name    ; OS Version ; Processor type ;
+---------------------------+------------------+------------+------------+----------------+
; Analysis & Synthesis      ; netuno           ; SUSE LINUX ; 13         ; x86_64         ;
; Fitter                    ; netuno           ; SUSE LINUX ; 13         ; x86_64         ;
; Assembler                 ; netuno           ; SUSE LINUX ; 13         ; x86_64         ;
; TimeQuest Timing Analyzer ; netuno           ; SUSE LINUX ; 13         ; x86_64         ;
; EDA Netlist Writer        ; netuno           ; SUSE LINUX ; 13         ; x86_64         ;
+---------------------------+------------------+------------+------------+----------------+


------------
; Flow Log ;
------------
quartus_map --read_settings_files=on --write_settings_files=off maquinha_chocolate -c maquinha_chocolate
quartus_fit --read_settings_files=off --write_settings_files=off maquinha_chocolate -c maquinha_chocolate
quartus_asm --read_settings_files=off --write_settings_files=off maquinha_chocolate -c maquinha_chocolate
quartus_sta maquinha_chocolate -c maquinha_chocolate
quartus_eda --read_settings_files=off --write_settings_files=off maquinha_chocolate -c maquinha_chocolate



